# JRE version: OpenJDK Runtime Environment (21.0.4) (build 21.0.4+-12508038-b607.1)
# Java VM: OpenJDK 64-Bit Server VM (21.0.4+-12508038-b607.1, mixed mode, tiered, compressed oops, compressed class ptrs, g1 gc, windows-amd64)
GC Precious Log:
 CardTable entry size: 512
 Card Set container configuration: InlinePtr #cards 5 size 8 Array Of Cards #cards 12 size 40 Howl #buckets 4 coarsen threshold 1843 Howl Bitmap #cards 512 size 80 coarsen threshold 460 Card regions per heap region 1 cards per card region 2048
 CPUs: 4 total, 4 available
 Memory: 6021M
 Large Page Support: Disabled
 NUMA Support: Disabled
 Compressed Oops: Enabled (32-bit)
 Heap Region Size: 1M
 Heap Min Capacity: 8M
 Heap Initial Capacity: 8M
 Heap Max Capacity: 1506M
 Pre-touch: Disabled
 Parallel Workers: 4
 Concurrent Workers: 1
 Concurrent Refinement Workers: 4
 Periodic GC: Disabled
Heap:
 garbage-first heap   total 8192K, used 3752K [0x00000000a1e00000, 0x0000000100000000)
  region size 1024K, 4 young (4096K), 1 survivors (1024K)
 Metaspace       used 12390K, committed 12544K, reserved 1114112K
  class space    used 1334K, committed 1408K, reserved 1048576K
GC Heap History (12 events):
Event: 0.395 GC heap before
{Heap before GC invocations=0 (full 0):
 garbage-first heap   total 8192K, used 2048K [0x00000000a1e00000, 0x0000000100000000)
  region size 1024K, 3 young (3072K), 0 survivors (0K)
 Metaspace       used 6932K, committed 7104K, reserved 1114112K
  class space    used 644K, committed 768K, reserved 1048576K
}
Event: 0.399 GC heap after
{Heap after GC invocations=1 (full 0):
 garbage-first heap   total 8192K, used 896K [0x00000000a1e00000, 0x0000000100000000)
  region size 1024K, 1 young (1024K), 1 survivors (1024K)
 Metaspace       used 6932K, committed 7104K, reserved 1114112K
  class space    used 644K, committed 768K, reserved 1048576K
}
Event: 0.496 GC heap before
{Heap before GC invocations=1 (full 0):
 garbage-first heap   total 8192K, used 2944K [0x00000000a1e00000, 0x0000000100000000)
  region size 1024K, 3 young (3072K), 1 survivors (1024K)
 Metaspace       used 7893K, committed 8000K, reserved 1114112K
  class space    used 751K, committed 832K, reserved 1048576K
}
Event: 0.499 GC heap after
{Heap after GC invocations=2 (full 0):
 garbage-first heap   total 8192K, used 1031K [0x00000000a1e00000, 0x0000000100000000)
  region size 1024K, 1 young (1024K), 1 survivors (1024K)
 Metaspace       used 7893K, committed 8000K, reserved 1114112K
  class space    used 751K, committed 832K, reserved 1048576K
}
Event: 0.679 GC heap before
{Heap before GC invocations=2 (full 0):
 garbage-first heap   total 8192K, used 3079K [0x00000000a1e00000, 0x0000000100000000)
  region size 1024K, 3 young (3072K), 1 survivors (1024K)
 Metaspace       used 9104K, committed 9280K, reserved 1114112K
  class space    used 895K, committed 1024K, reserved 1048576K
}
Event: 0.680 GC heap after
{Heap after GC invocations=3 (full 0):
 garbage-first heap   total 8192K, used 1142K [0x00000000a1e00000, 0x0000000100000000)
  region size 1024K, 1 young (1024K), 1 survivors (1024K)
 Metaspace       used 9104K, committed 9280K, reserved 1114112K
  class space    used 895K, committed 1024K, reserved 1048576K
}
Event: 0.774 GC heap before
{Heap before GC invocations=3 (full 0):
 garbage-first heap   total 8192K, used 3190K [0x00000000a1e00000, 0x0000000100000000)
  region size 1024K, 4 young (4096K), 1 survivors (1024K)
 Metaspace       used 9988K, committed 10240K, reserved 1114112K
  class space    used 1038K, committed 1152K, reserved 1048576K
}
Event: 0.776 GC heap after
{Heap after GC invocations=4 (full 0):
 garbage-first heap   total 8192K, used 1588K [0x00000000a1e00000, 0x0000000100000000)
  region size 1024K, 1 young (1024K), 1 survivors (1024K)
 Metaspace       used 9988K, committed 10240K, reserved 1114112K
  class space    used 1038K, committed 1152K, reserved 1048576K
}
Event: 0.880 GC heap before
{Heap before GC invocations=4 (full 0):
 garbage-first heap   total 8192K, used 3636K [0x00000000a1e00000, 0x0000000100000000)
  region size 1024K, 4 young (4096K), 1 survivors (1024K)
 Metaspace       used 10866K, committed 11072K, reserved 1114112K
  class space    used 1157K, committed 1280K, reserved 1048576K
}
Event: 0.883 GC heap after
{Heap after GC invocations=5 (full 0):
 garbage-first heap   total 8192K, used 1716K [0x00000000a1e00000, 0x0000000100000000)
  region size 1024K, 1 young (1024K), 1 survivors (1024K)
 Metaspace       used 10866K, committed 11072K, reserved 1114112K
  class space    used 1157K, committed 1280K, reserved 1048576K
}
Event: 0.933 GC heap before
{Heap before GC invocations=5 (full 0):
 garbage-first heap   total 8192K, used 3764K [0x00000000a1e00000, 0x0000000100000000)
  region size 1024K, 4 young (4096K), 1 survivors (1024K)
 Metaspace       used 11652K, committed 11840K, reserved 1114112K
  class space    used 1239K, committed 1344K, reserved 1048576K
}
Event: 0.935 GC heap after
{Heap after GC invocations=6 (full 0):
 garbage-first heap   total 8192K, used 1704K [0x00000000a1e00000, 0x0000000100000000)
  region size 1024K, 1 young (1024K), 1 survivors (1024K)
 Metaspace       used 11652K, committed 11840K, reserved 1114112K
  class space    used 1239K, committed 1344K, reserved 1048576K
}

